[ 2016-11-16T10:43:43+08:00 ] ::1 /AngularJS/01day/4-code/thinkphp/
INFO: [ app_init ] --START--
INFO: Run Behavior\BuildLiteBehavior [ RunTime:0.000024s ]
INFO: [ app_init ] --END-- [ RunTime:0.001045s ]
INFO: [ app_begin ] --START--
INFO: Run Behavior\ReadHtmlCacheBehavior [ RunTime:0.000630s ]
INFO: [ app_begin ] --END-- [ RunTime:0.000726s ]
INFO: [ view_parse ] --START--
INFO: [ template_filter ] --START--
INFO: Run Behavior\ContentReplaceBehavior [ RunTime:0.000059s ]
INFO: [ template_filter ] --END-- [ RunTime:0.000163s ]
INFO: Run Behavior\ParseTemplateBehavior [ RunTime:0.005819s ]
INFO: [ view_parse ] --END-- [ RunTime:0.005916s ]
INFO: [ view_filter ] --START--
INFO: Run Behavior\WriteHtmlCacheBehavior [ RunTime:0.000260s ]
INFO: [ view_filter ] --END-- [ RunTime:0.000347s ]
INFO: [ app_end ] --START--
INFO: Run Behavior\ShowPageTraceBehavior [ RunTime:0.000475s ]
INFO: [ app_end ] --END-- [ RunTime:0.000564s ]

[ 2016-11-16T10:46:12+08:00 ] ::1 /AngularJS/01day/4-code/thinkphp/
INFO: [ app_init ] --START--
INFO: Run Behavior\BuildLiteBehavior [ RunTime:0.000026s ]
INFO: [ app_init ] --END-- [ RunTime:0.000390s ]
INFO: [ app_begin ] --START--
INFO: Run Behavior\ReadHtmlCacheBehavior [ RunTime:0.000659s ]
INFO: [ app_begin ] --END-- [ RunTime:0.000771s ]
INFO: [ view_parse ] --START--
INFO: [ template_filter ] --START--
INFO: Run Behavior\ContentReplaceBehavior [ RunTime:0.000053s ]
INFO: [ template_filter ] --END-- [ RunTime:0.000144s ]
INFO: Run Behavior\ParseTemplateBehavior [ RunTime:0.005171s ]
INFO: [ view_parse ] --END-- [ RunTime:0.005264s ]
INFO: [ view_filter ] --START--
INFO: Run Behavior\WriteHtmlCacheBehavior [ RunTime:0.000344s ]
INFO: [ view_filter ] --END-- [ RunTime:0.000458s ]
INFO: [ app_end ] --START--
INFO: Run Behavior\ShowPageTraceBehavior [ RunTime:0.000478s ]
INFO: [ app_end ] --END-- [ RunTime:0.000567s ]

[ 2016-11-16T10:46:36+08:00 ] ::1 /AngularJS/01day/4-code/thinkphp/index.php/Home/Index/index
INFO: [ app_init ] --START--
INFO: Run Behavior\BuildLiteBehavior [ RunTime:0.000035s ]
INFO: [ app_init ] --END-- [ RunTime:0.000582s ]
INFO: [ app_begin ] --START--
INFO: Run Behavior\ReadHtmlCacheBehavior [ RunTime:0.000716s ]
INFO: [ app_begin ] --END-- [ RunTime:0.000873s ]
INFO: [ view_parse ] --START--
INFO: Run Behavior\ParseTemplateBehavior [ RunTime:0.000365s ]
INFO: [ view_parse ] --END-- [ RunTime:0.000491s ]
INFO: [ view_filter ] --START--
INFO: Run Behavior\WriteHtmlCacheBehavior [ RunTime:0.000314s ]
INFO: [ view_filter ] --END-- [ RunTime:0.000452s ]
INFO: [ app_end ] --START--
INFO: Run Behavior\ShowPageTraceBehavior [ RunTime:0.000457s ]
INFO: [ app_end ] --END-- [ RunTime:0.000542s ]

[ 2016-11-16T10:46:38+08:00 ] ::1 /AngularJS/01day/4-code/thinkphp/index.php/Home/Index/index
INFO: [ app_init ] --START--
INFO: Run Behavior\BuildLiteBehavior [ RunTime:0.000019s ]
INFO: [ app_init ] --END-- [ RunTime:0.000337s ]
INFO: [ app_begin ] --START--
INFO: Run Behavior\ReadHtmlCacheBehavior [ RunTime:0.000372s ]
INFO: [ app_begin ] --END-- [ RunTime:0.000460s ]
INFO: [ view_parse ] --START--
INFO: Run Behavior\ParseTemplateBehavior [ RunTime:0.000199s ]
INFO: [ view_parse ] --END-- [ RunTime:0.000291s ]
INFO: [ view_filter ] --START--
INFO: Run Behavior\WriteHtmlCacheBehavior [ RunTime:0.000184s ]
INFO: [ view_filter ] --END-- [ RunTime:0.000271s ]
INFO: [ app_end ] --START--
INFO: Run Behavior\ShowPageTraceBehavior [ RunTime:0.000415s ]
INFO: [ app_end ] --END-- [ RunTime:0.000505s ]

[ 2016-11-16T10:50:26+08:00 ] ::1 /AngularJS/01day/4-code/thinkphp/index.php/Home/Index/index
INFO: [ app_init ] --START--
INFO: Run Behavior\BuildLiteBehavior [ RunTime:0.000030s ]
INFO: [ app_init ] --END-- [ RunTime:0.000529s ]
INFO: [ app_begin ] --START--
INFO: Run Behavior\ReadHtmlCacheBehavior [ RunTime:0.000793s ]
INFO: [ app_begin ] --END-- [ RunTime:0.000940s ]
INFO: [ view_parse ] --START--
INFO: [ template_filter ] --START--
INFO: Run Behavior\ContentReplaceBehavior [ RunTime:0.000125s ]
INFO: [ template_filter ] --END-- [ RunTime:0.000230s ]
INFO: Run Behavior\ParseTemplateBehavior [ RunTime:0.011374s ]
INFO: [ view_parse ] --END-- [ RunTime:0.011474s ]
INFO: [ view_filter ] --START--
INFO: Run Behavior\WriteHtmlCacheBehavior [ RunTime:0.000260s ]
INFO: [ view_filter ] --END-- [ RunTime:0.000346s ]
INFO: [ app_end ] --START--
INFO: Run Behavior\ShowPageTraceBehavior [ RunTime:0.000461s ]
INFO: [ app_end ] --END-- [ RunTime:0.000551s ]

[ 2016-11-16T10:50:26+08:00 ] ::1 /AngularJS/01day/4-code/thinkphp/index.php/Home/Index/css/init.css
INFO: [ app_init ] --START--
INFO: Run Behavior\BuildLiteBehavior [ RunTime:0.000026s ]
INFO: [ app_init ] --END-- [ RunTime:0.000403s ]
INFO: [ app_begin ] --START--
INFO: Run Behavior\ReadHtmlCacheBehavior [ RunTime:0.000459s ]
INFO: [ app_begin ] --END-- [ RunTime:0.000569s ]
ERR: 非法操作:css

[ 2016-11-16T10:50:26+08:00 ] ::1 /AngularJS/01day/4-code/thinkphp/index.php/Home/Index/css/common.css
INFO: [ app_init ] --START--
INFO: Run Behavior\BuildLiteBehavior [ RunTime:0.000037s ]
INFO: [ app_init ] --END-- [ RunTime:0.000624s ]
INFO: [ app_begin ] --START--
INFO: Run Behavior\ReadHtmlCacheBehavior [ RunTime:0.000684s ]
INFO: [ app_begin ] --END-- [ RunTime:0.000882s ]
ERR: 非法操作:css

[ 2016-11-16T10:50:26+08:00 ] ::1 /AngularJS/01day/4-code/thinkphp/index.php/Home/Index/css/index.css
INFO: [ app_init ] --START--
INFO: Run Behavior\BuildLiteBehavior [ RunTime:0.000022s ]
INFO: [ app_init ] --END-- [ RunTime:0.000361s ]
INFO: [ app_begin ] --START--
INFO: Run Behavior\ReadHtmlCacheBehavior [ RunTime:0.000475s ]
INFO: [ app_begin ] --END-- [ RunTime:0.000573s ]
ERR: 非法操作:css

[ 2016-11-16T10:50:26+08:00 ] ::1 /AngularJS/01day/4-code/thinkphp/index.php/Home/Index/js/jquery.min.js
INFO: [ app_init ] --START--
INFO: Run Behavior\BuildLiteBehavior [ RunTime:0.000022s ]
INFO: [ app_init ] --END-- [ RunTime:0.000363s ]
INFO: [ app_begin ] --START--
INFO: Run Behavior\ReadHtmlCacheBehavior [ RunTime:0.000473s ]
INFO: [ app_begin ] --END-- [ RunTime:0.000572s ]
ERR: 非法操作:js

[ 2016-11-16T10:50:27+08:00 ] ::1 /AngularJS/01day/4-code/thinkphp/index.php/Home/Index/js/functions.js
INFO: [ app_init ] --START--
INFO: Run Behavior\BuildLiteBehavior [ RunTime:0.000022s ]
INFO: [ app_init ] --END-- [ RunTime:0.000333s ]
INFO: [ app_begin ] --START--
INFO: Run Behavior\ReadHtmlCacheBehavior [ RunTime:0.000427s ]
INFO: [ app_begin ] --END-- [ RunTime:0.000529s ]
ERR: 非法操作:js

[ 2016-11-16T10:50:27+08:00 ] ::1 /AngularJS/01day/4-code/thinkphp/index.php/Home/Index/upload/pic3.jpg
INFO: [ app_init ] --START--
INFO: Run Behavior\BuildLiteBehavior [ RunTime:0.000032s ]
INFO: [ app_init ] --END-- [ RunTime:0.000473s ]

[ 2016-11-16T10:50:27+08:00 ] ::1 /AngularJS/01day/4-code/thinkphp/index.php/Home/Index/js/index.js
INFO: [ app_init ] --START--
INFO: Run Behavior\BuildLiteBehavior [ RunTime:0.000037s ]
INFO: [ app_init ] --END-- [ RunTime:0.000520s ]
INFO: [ app_begin ] --START--
INFO: Run Behavior\ReadHtmlCacheBehavior [ RunTime:0.000597s ]
INFO: [ app_begin ] --END-- [ RunTime:0.000778s ]
ERR: 非法操作:js

[ 2016-11-16T10:50:27+08:00 ] ::1 /AngularJS/01day/4-code/thinkphp/index.php/Home/Index/upload/photos/admin.jpg
INFO: [ app_init ] --START--
INFO: Run Behavior\BuildLiteBehavior [ RunTime:0.000035s ]
INFO: [ app_init ] --END-- [ RunTime:0.000541s ]

[ 2016-11-16T10:50:27+08:00 ] ::1 /AngularJS/01day/4-code/thinkphp/index.php/Home/Index/upload/pic2.jpg
INFO: [ app_init ] --START--
INFO: Run Behavior\BuildLiteBehavior [ RunTime:0.000036s ]
INFO: [ app_init ] --END-- [ RunTime:0.000517s ]

[ 2016-11-16T10:50:27+08:00 ] ::1 /AngularJS/01day/4-code/thinkphp/index.php/Home/Index/upload/pic4.jpg
INFO: [ app_init ] --START--
INFO: Run Behavior\BuildLiteBehavior [ RunTime:0.000058s ]
INFO: [ app_init ] --END-- [ RunTime:0.000840s ]

[ 2016-11-16T10:50:27+08:00 ] ::1 /AngularJS/01day/4-code/thinkphp/index.php/Home/Index/upload/pic6.jpg
INFO: [ app_init ] --START--
INFO: Run Behavior\BuildLiteBehavior [ RunTime:0.000039s ]
INFO: [ app_init ] --END-- [ RunTime:0.000543s ]

[ 2016-11-16T10:50:27+08:00 ] ::1 /AngularJS/01day/4-code/thinkphp/index.php/Home/Index/upload/pic5.jpg
INFO: [ app_init ] --START--
INFO: Run Behavior\BuildLiteBehavior [ RunTime:0.000040s ]
INFO: [ app_init ] --END-- [ RunTime:0.000540s ]

[ 2016-11-16T10:50:27+08:00 ] ::1 /AngularJS/01day/4-code/thinkphp/index.php/Home/Index/js/common.js
INFO: [ app_init ] --START--
INFO: Run Behavior\BuildLiteBehavior [ RunTime:0.000048s ]
INFO: [ app_init ] --END-- [ RunTime:0.000683s ]
INFO: [ app_begin ] --START--
INFO: Run Behavior\ReadHtmlCacheBehavior [ RunTime:0.000672s ]
INFO: [ app_begin ] --END-- [ RunTime:0.000937s ]
ERR: 非法操作:js

[ 2016-11-16T10:50:27+08:00 ] ::1 /AngularJS/01day/4-code/thinkphp/index.php/Home/Index/upload/pic7.jpg
INFO: [ app_init ] --START--
INFO: Run Behavior\BuildLiteBehavior [ RunTime:0.000041s ]
INFO: [ app_init ] --END-- [ RunTime:0.000526s ]

[ 2016-11-16T10:50:27+08:00 ] ::1 /AngularJS/01day/4-code/thinkphp/index.php/Home/Index/upload/img1.jpg
INFO: [ app_init ] --START--
INFO: Run Behavior\BuildLiteBehavior [ RunTime:0.000040s ]
INFO: [ app_init ] --END-- [ RunTime:0.000515s ]

[ 2016-11-16T10:50:27+08:00 ] ::1 /AngularJS/01day/4-code/thinkphp/index.php/Home/Index/upload/pic9.jpg
INFO: [ app_init ] --START--
INFO: Run Behavior\BuildLiteBehavior [ RunTime:0.000040s ]
INFO: [ app_init ] --END-- [ RunTime:0.000515s ]

[ 2016-11-16T10:50:27+08:00 ] ::1 /AngularJS/01day/4-code/thinkphp/index.php/Home/Index/upload/pic8.jpg
INFO: [ app_init ] --START--
INFO: Run Behavior\BuildLiteBehavior [ RunTime:0.000037s ]
INFO: [ app_init ] --END-- [ RunTime:0.000558s ]

[ 2016-11-16T10:50:27+08:00 ] ::1 /AngularJS/01day/4-code/thinkphp/index.php/Home/Index/upload/pic10.jpg
INFO: [ app_init ] --START--
INFO: Run Behavior\BuildLiteBehavior [ RunTime:0.000043s ]
INFO: [ app_init ] --END-- [ RunTime:0.000540s ]

[ 2016-11-16T10:50:27+08:00 ] ::1 /AngularJS/01day/4-code/thinkphp/index.php/Home/Index/upload/img2.jpg
INFO: [ app_init ] --START--
INFO: Run Behavior\BuildLiteBehavior [ RunTime:0.000045s ]
INFO: [ app_init ] --END-- [ RunTime:0.000605s ]

[ 2016-11-16T10:50:27+08:00 ] ::1 /AngularJS/01day/4-code/thinkphp/index.php/Home/Index/upload/pic1.jpg
INFO: [ app_init ] --START--
INFO: Run Behavior\BuildLiteBehavior [ RunTime:0.000039s ]
INFO: [ app_init ] --END-- [ RunTime:0.002822s ]

[ 2016-11-16T10:50:27+08:00 ] ::1 /AngularJS/01day/4-code/thinkphp/index.php/Home/Index/upload/img4.jpg
INFO: [ app_init ] --START--
INFO: Run Behavior\BuildLiteBehavior [ RunTime:0.000045s ]
INFO: [ app_init ] --END-- [ RunTime:0.000557s ]

[ 2016-11-16T10:50:27+08:00 ] ::1 /AngularJS/01day/4-code/thinkphp/index.php/Home/Index/upload/img5.jpg
INFO: [ app_init ] --START--
INFO: Run Behavior\BuildLiteBehavior [ RunTime:0.000038s ]
INFO: [ app_init ] --END-- [ RunTime:0.000535s ]

[ 2016-11-16T10:50:27+08:00 ] ::1 /AngularJS/01day/4-code/thinkphp/index.php/Home/Index/upload/img6.jpg
INFO: [ app_init ] --START--
INFO: Run Behavior\BuildLiteBehavior [ RunTime:0.000038s ]
INFO: [ app_init ] --END-- [ RunTime:0.000508s ]

[ 2016-11-16T10:50:27+08:00 ] ::1 /AngularJS/01day/4-code/thinkphp/index.php/Home/Index/upload/img8.jpg
INFO: [ app_init ] --START--
INFO: Run Behavior\BuildLiteBehavior [ RunTime:0.000038s ]
INFO: [ app_init ] --END-- [ RunTime:0.000515s ]

[ 2016-11-16T10:50:27+08:00 ] ::1 /AngularJS/01day/4-code/thinkphp/index.php/Home/Index/upload/img7.jpg
INFO: [ app_init ] --START--
INFO: Run Behavior\BuildLiteBehavior [ RunTime:0.000034s ]
INFO: [ app_init ] --END-- [ RunTime:0.000504s ]

[ 2016-11-16T10:50:27+08:00 ] ::1 /AngularJS/01day/4-code/thinkphp/index.php/Home/Index/upload/img9.jpg
INFO: [ app_init ] --START--
INFO: Run Behavior\BuildLiteBehavior [ RunTime:0.000036s ]
INFO: [ app_init ] --END-- [ RunTime:0.000493s ]

[ 2016-11-16T10:50:27+08:00 ] ::1 /AngularJS/01day/4-code/thinkphp/index.php/Home/Index/upload/img10.jpg
INFO: [ app_init ] --START--
INFO: Run Behavior\BuildLiteBehavior [ RunTime:0.000035s ]
INFO: [ app_init ] --END-- [ RunTime:0.000509s ]

[ 2016-11-16T10:50:27+08:00 ] ::1 /AngularJS/01day/4-code/thinkphp/index.php/Home/Index/upload/img11.jpg
INFO: [ app_init ] --START--
INFO: Run Behavior\BuildLiteBehavior [ RunTime:0.000041s ]
INFO: [ app_init ] --END-- [ RunTime:0.001196s ]

[ 2016-11-16T10:50:27+08:00 ] ::1 /AngularJS/01day/4-code/thinkphp/index.php/Home/Index/upload/img12.jpg
INFO: [ app_init ] --START--
INFO: Run Behavior\BuildLiteBehavior [ RunTime:0.000038s ]
INFO: [ app_init ] --END-- [ RunTime:0.000653s ]

[ 2016-11-16T10:50:27+08:00 ] ::1 /AngularJS/01day/4-code/thinkphp/index.php/Home/Index/upload/img14.jpg
INFO: [ app_init ] --START--
INFO: Run Behavior\BuildLiteBehavior [ RunTime:0.000037s ]
INFO: [ app_init ] --END-- [ RunTime:0.000500s ]

[ 2016-11-16T10:50:27+08:00 ] ::1 /AngularJS/01day/4-code/thinkphp/index.php/Home/Index/upload/img13.jpg
INFO: [ app_init ] --START--
INFO: Run Behavior\BuildLiteBehavior [ RunTime:0.000038s ]
INFO: [ app_init ] --END-- [ RunTime:0.002948s ]

[ 2016-11-16T10:50:27+08:00 ] ::1 /AngularJS/01day/4-code/thinkphp/index.php/Home/Index/upload/img15.jpg
INFO: [ app_init ] --START--
INFO: Run Behavior\BuildLiteBehavior [ RunTime:0.000041s ]
INFO: [ app_init ] --END-- [ RunTime:0.000578s ]

[ 2016-11-16T10:50:27+08:00 ] ::1 /AngularJS/01day/4-code/thinkphp/index.php/Home/Index/upload/img3.jpg
INFO: [ app_init ] --START--
INFO: Run Behavior\BuildLiteBehavior [ RunTime:0.000033s ]
INFO: [ app_init ] --END-- [ RunTime:0.000556s ]

[ 2016-11-16T10:50:27+08:00 ] ::1 /AngularJS/01day/4-code/thinkphp/index.php/Home/Index/upload/img16.jpg
INFO: [ app_init ] --START--
INFO: Run Behavior\BuildLiteBehavior [ RunTime:0.000038s ]
INFO: [ app_init ] --END-- [ RunTime:0.000511s ]

[ 2016-11-16T10:50:27+08:00 ] ::1 /AngularJS/01day/4-code/thinkphp/index.php/Home/Index/upload/img18.jpg
INFO: [ app_init ] --START--
INFO: Run Behavior\BuildLiteBehavior [ RunTime:0.000039s ]
INFO: [ app_init ] --END-- [ RunTime:0.000524s ]

[ 2016-11-16T10:50:27+08:00 ] ::1 /AngularJS/01day/4-code/thinkphp/index.php/Home/Index/upload/img17.jpg
INFO: [ app_init ] --START--
INFO: Run Behavior\BuildLiteBehavior [ RunTime:0.000042s ]
INFO: [ app_init ] --END-- [ RunTime:0.003263s ]

[ 2016-11-16T10:50:27+08:00 ] ::1 /AngularJS/01day/4-code/thinkphp/index.php/Home/Index/upload/weibo1.jpg
INFO: [ app_init ] --START--
INFO: Run Behavior\BuildLiteBehavior [ RunTime:0.000049s ]
INFO: [ app_init ] --END-- [ RunTime:0.000632s ]

[ 2016-11-16T10:50:27+08:00 ] ::1 /AngularJS/01day/4-code/thinkphp/index.php/Home/Index/upload/photos/use2.jpg
INFO: [ app_init ] --START--
INFO: Run Behavior\BuildLiteBehavior [ RunTime:0.000041s ]
INFO: [ app_init ] --END-- [ RunTime:0.000571s ]

[ 2016-11-16T10:50:27+08:00 ] ::1 /AngularJS/01day/4-code/thinkphp/index.php/Home/Index/upload/weibo2.jpg
INFO: [ app_init ] --START--
INFO: Run Behavior\BuildLiteBehavior [ RunTime:0.000034s ]
INFO: [ app_init ] --END-- [ RunTime:0.000510s ]

[ 2016-11-16T10:50:27+08:00 ] ::1 /AngularJS/01day/4-code/thinkphp/index.php/Home/Index/upload/photos/use1.jpg
INFO: [ app_init ] --START--
INFO: Run Behavior\BuildLiteBehavior [ RunTime:0.000039s ]
INFO: [ app_init ] --END-- [ RunTime:0.000573s ]

[ 2016-11-16T10:50:27+08:00 ] ::1 /AngularJS/01day/4-code/thinkphp/index.php/Home/Index/upload/photos/use3.jpg
INFO: [ app_init ] --START--
INFO: Run Behavior\BuildLiteBehavior [ RunTime:0.000041s ]
INFO: [ app_init ] --END-- [ RunTime:0.000616s ]

[ 2016-11-16T10:50:27+08:00 ] ::1 /AngularJS/01day/4-code/thinkphp/index.php/Home/Index/upload/weibo3.jpg
INFO: [ app_init ] --START--
INFO: Run Behavior\BuildLiteBehavior [ RunTime:0.000041s ]
INFO: [ app_init ] --END-- [ RunTime:0.000540s ]

[ 2016-11-16T10:50:27+08:00 ] ::1 /AngularJS/01day/4-code/thinkphp/index.php/Home/Index/upload/weibo4.jpg
INFO: [ app_init ] --START--
INFO: Run Behavior\BuildLiteBehavior [ RunTime:0.000038s ]
INFO: [ app_init ] --END-- [ RunTime:0.000653s ]

[ 2016-11-16T10:50:27+08:00 ] ::1 /AngularJS/01day/4-code/thinkphp/index.php/Home/Index/upload/photos/use4.jpg
INFO: [ app_init ] --START--
INFO: Run Behavior\BuildLiteBehavior [ RunTime:0.000036s ]
INFO: [ app_init ] --END-- [ RunTime:0.000529s ]

[ 2016-11-16T10:50:27+08:00 ] ::1 /AngularJS/01day/4-code/thinkphp/index.php/Home/Index/upload/act1.gif
INFO: [ app_init ] --START--
INFO: Run Behavior\BuildLiteBehavior [ RunTime:0.000038s ]
INFO: [ app_init ] --END-- [ RunTime:0.000533s ]

[ 2016-11-16T10:50:27+08:00 ] ::1 /AngularJS/01day/4-code/thinkphp/index.php/Home/Index/upload/arc1.jpg
INFO: [ app_init ] --START--
INFO: Run Behavior\BuildLiteBehavior [ RunTime:0.000042s ]
INFO: [ app_init ] --END-- [ RunTime:0.000841s ]

[ 2016-11-16T10:50:27+08:00 ] ::1 /AngularJS/01day/4-code/thinkphp/index.php/Home/Index/upload/photos/use5.jpg
INFO: [ app_init ] --START--
INFO: Run Behavior\BuildLiteBehavior [ RunTime:0.000042s ]
INFO: [ app_init ] --END-- [ RunTime:0.000557s ]

[ 2016-11-16T10:50:27+08:00 ] ::1 /AngularJS/01day/4-code/thinkphp/index.php/Home/Index/images/weixin.png
INFO: [ app_init ] --START--
INFO: Run Behavior\BuildLiteBehavior [ RunTime:0.000043s ]
INFO: [ app_init ] --END-- [ RunTime:0.000601s ]

[ 2016-11-16T10:53:08+08:00 ] ::1 /AngularJS/01day/4-code/thinkphp/index.php/Home/Index/index
INFO: [ app_init ] --START--
INFO: Run Behavior\BuildLiteBehavior [ RunTime:0.000023s ]
INFO: [ app_init ] --END-- [ RunTime:0.000578s ]
INFO: [ app_begin ] --START--
INFO: Run Behavior\ReadHtmlCacheBehavior [ RunTime:0.000516s ]
INFO: [ app_begin ] --END-- [ RunTime:0.000628s ]
INFO: [ view_parse ] --START--
INFO: [ template_filter ] --START--
INFO: Run Behavior\ContentReplaceBehavior [ RunTime:0.000141s ]
INFO: [ template_filter ] --END-- [ RunTime:0.000261s ]
INFO: Run Behavior\ParseTemplateBehavior [ RunTime:0.011659s ]
INFO: [ view_parse ] --END-- [ RunTime:0.011764s ]
INFO: [ view_filter ] --START--
INFO: Run Behavior\WriteHtmlCacheBehavior [ RunTime:0.000252s ]
INFO: [ view_filter ] --END-- [ RunTime:0.000341s ]
INFO: [ app_end ] --START--
INFO: Run Behavior\ShowPageTraceBehavior [ RunTime:0.000449s ]
INFO: [ app_end ] --END-- [ RunTime:0.000541s ]

[ 2016-11-16T10:53:08+08:00 ] ::1 /AngularJS/01day/4-code/thinkphp/index.php/Home/Index/css/common.css
INFO: [ app_init ] --START--
INFO: Run Behavior\BuildLiteBehavior [ RunTime:0.000024s ]
INFO: [ app_init ] --END-- [ RunTime:0.000365s ]
INFO: [ app_begin ] --START--
INFO: Run Behavior\ReadHtmlCacheBehavior [ RunTime:0.000488s ]
INFO: [ app_begin ] --END-- [ RunTime:0.000588s ]
ERR: 非法操作:css

[ 2016-11-16T10:53:08+08:00 ] ::1 /AngularJS/01day/4-code/thinkphp/index.php/Home/Index/css/init.css
INFO: [ app_init ] --START--
INFO: Run Behavior\BuildLiteBehavior [ RunTime:0.000025s ]
INFO: [ app_init ] --END-- [ RunTime:0.000507s ]
INFO: [ app_begin ] --START--
INFO: Run Behavior\ReadHtmlCacheBehavior [ RunTime:0.000418s ]
INFO: [ app_begin ] --END-- [ RunTime:0.000516s ]
ERR: 非法操作:css

[ 2016-11-16T10:53:08+08:00 ] ::1 /AngularJS/01day/4-code/thinkphp/index.php/Home/Index/css/index.css
INFO: [ app_init ] --START--
INFO: Run Behavior\BuildLiteBehavior [ RunTime:0.000026s ]
INFO: [ app_init ] --END-- [ RunTime:0.000386s ]
INFO: [ app_begin ] --START--
INFO: Run Behavior\ReadHtmlCacheBehavior [ RunTime:0.000484s ]
INFO: [ app_begin ] --END-- [ RunTime:0.000585s ]
ERR: 非法操作:css

[ 2016-11-16T10:53:08+08:00 ] ::1 /AngularJS/01day/4-code/thinkphp/index.php/Home/Index/js/jquery.min.js
INFO: [ app_init ] --START--
INFO: Run Behavior\BuildLiteBehavior [ RunTime:0.000033s ]
INFO: [ app_init ] --END-- [ RunTime:0.000549s ]
INFO: [ app_begin ] --START--
INFO: Run Behavior\ReadHtmlCacheBehavior [ RunTime:0.001056s ]
INFO: [ app_begin ] --END-- [ RunTime:0.001255s ]
ERR: 非法操作:js

[ 2016-11-16T10:53:08+08:00 ] ::1 /AngularJS/01day/4-code/thinkphp/index.php/Home/Index/upload/pic1.jpg
INFO: [ app_init ] --START--
INFO: Run Behavior\BuildLiteBehavior [ RunTime:0.000023s ]
INFO: [ app_init ] --END-- [ RunTime:0.000368s ]

[ 2016-11-16T10:53:08+08:00 ] ::1 /AngularJS/01day/4-code/thinkphp/index.php/Home/Index/js/index.js
INFO: [ app_init ] --START--
INFO: Run Behavior\BuildLiteBehavior [ RunTime:0.000038s ]
INFO: [ app_init ] --END-- [ RunTime:0.000512s ]
INFO: [ app_begin ] --START--
INFO: Run Behavior\ReadHtmlCacheBehavior [ RunTime:0.000597s ]
INFO: [ app_begin ] --END-- [ RunTime:0.000752s ]
ERR: 非法操作:js

[ 2016-11-16T10:53:08+08:00 ] ::1 /AngularJS/01day/4-code/thinkphp/index.php/Home/Index/js/functions.js
INFO: [ app_init ] --START--
INFO: Run Behavior\BuildLiteBehavior [ RunTime:0.000036s ]
INFO: [ app_init ] --END-- [ RunTime:0.000510s ]
INFO: [ app_begin ] --START--
INFO: Run Behavior\ReadHtmlCacheBehavior [ RunTime:0.000619s ]
INFO: [ app_begin ] --END-- [ RunTime:0.000791s ]
ERR: 非法操作:js

[ 2016-11-16T10:53:08+08:00 ] ::1 /AngularJS/01day/4-code/thinkphp/index.php/Home/Index/upload/photos/admin.jpg
INFO: [ app_init ] --START--
INFO: Run Behavior\BuildLiteBehavior [ RunTime:0.000035s ]
INFO: [ app_init ] --END-- [ RunTime:0.000882s ]

[ 2016-11-16T10:53:08+08:00 ] ::1 /AngularJS/01day/4-code/thinkphp/index.php/Home/Index/js/common.js
INFO: [ app_init ] --START--
INFO: Run Behavior\BuildLiteBehavior [ RunTime:0.000038s ]
INFO: [ app_init ] --END-- [ RunTime:0.000533s ]
INFO: [ app_begin ] --START--
INFO: Run Behavior\ReadHtmlCacheBehavior [ RunTime:0.000750s ]
INFO: [ app_begin ] --END-- [ RunTime:0.000971s ]
ERR: 非法操作:js

[ 2016-11-16T10:53:08+08:00 ] ::1 /AngularJS/01day/4-code/thinkphp/index.php/Home/Index/upload/pic2.jpg
INFO: [ app_init ] --START--
INFO: Run Behavior\BuildLiteBehavior [ RunTime:0.000037s ]
INFO: [ app_init ] --END-- [ RunTime:0.000537s ]

[ 2016-11-16T10:53:08+08:00 ] ::1 /AngularJS/01day/4-code/thinkphp/index.php/Home/Index/upload/pic4.jpg
INFO: [ app_init ] --START--
INFO: Run Behavior\BuildLiteBehavior [ RunTime:0.000039s ]
INFO: [ app_init ] --END-- [ RunTime:0.000605s ]

[ 2016-11-16T10:53:08+08:00 ] ::1 /AngularJS/01day/4-code/thinkphp/index.php/Home/Index/js/index.js
INFO: [ app_init ] --START--
INFO: Run Behavior\BuildLiteBehavior [ RunTime:0.000036s ]
INFO: [ app_init ] --END-- [ RunTime:0.000701s ]
INFO: [ app_begin ] --START--
INFO: Run Behavior\ReadHtmlCacheBehavior [ RunTime:0.000805s ]
INFO: [ app_begin ] --END-- [ RunTime:0.001031s ]
ERR: 非法操作:js

[ 2016-11-16T10:53:08+08:00 ] ::1 /AngularJS/01day/4-code/thinkphp/index.php/Home/Index/upload/pic5.jpg
INFO: [ app_init ] --START--
INFO: Run Behavior\BuildLiteBehavior [ RunTime:0.000036s ]
INFO: [ app_init ] --END-- [ RunTime:0.000495s ]

[ 2016-11-16T10:53:08+08:00 ] ::1 /AngularJS/01day/4-code/thinkphp/index.php/Home/Index/upload/pic3.jpg
INFO: [ app_init ] --START--
INFO: Run Behavior\BuildLiteBehavior [ RunTime:0.000035s ]
INFO: [ app_init ] --END-- [ RunTime:0.000498s ]

[ 2016-11-16T10:53:08+08:00 ] ::1 /AngularJS/01day/4-code/thinkphp/index.php/Home/Index/upload/pic7.jpg
INFO: [ app_init ] --START--
INFO: Run Behavior\BuildLiteBehavior [ RunTime:0.000038s ]
INFO: [ app_init ] --END-- [ RunTime:0.000512s ]

[ 2016-11-16T10:53:08+08:00 ] ::1 /AngularJS/01day/4-code/thinkphp/index.php/Home/Index/upload/pic8.jpg
INFO: [ app_init ] --START--
INFO: Run Behavior\BuildLiteBehavior [ RunTime:0.000079s ]
INFO: [ app_init ] --END-- [ RunTime:0.000606s ]

[ 2016-11-16T10:53:08+08:00 ] ::1 /AngularJS/01day/4-code/thinkphp/index.php/Home/Index/upload/pic9.jpg
INFO: [ app_init ] --START--
INFO: Run Behavior\BuildLiteBehavior [ RunTime:0.000044s ]
INFO: [ app_init ] --END-- [ RunTime:0.000677s ]

[ 2016-11-16T10:53:08+08:00 ] ::1 /AngularJS/01day/4-code/thinkphp/index.php/Home/Index/js/common.js
INFO: [ app_init ] --START--
INFO: Run Behavior\BuildLiteBehavior [ RunTime:0.000038s ]
INFO: [ app_init ] --END-- [ RunTime:0.000513s ]
INFO: [ app_begin ] --START--
INFO: Run Behavior\ReadHtmlCacheBehavior [ RunTime:0.000704s ]
INFO: [ app_begin ] --END-- [ RunTime:0.000879s ]
ERR: 非法操作:js

[ 2016-11-16T10:53:08+08:00 ] ::1 /AngularJS/01day/4-code/thinkphp/index.php/Home/Index/upload/img1.jpg
INFO: [ app_init ] --START--
INFO: Run Behavior\BuildLiteBehavior [ RunTime:0.000034s ]
INFO: [ app_init ] --END-- [ RunTime:0.000510s ]

[ 2016-11-16T10:53:08+08:00 ] ::1 /AngularJS/01day/4-code/thinkphp/index.php/Home/Index/upload/img2.jpg
INFO: [ app_init ] --START--
INFO: Run Behavior\BuildLiteBehavior [ RunTime:0.000040s ]
INFO: [ app_init ] --END-- [ RunTime:0.000519s ]

[ 2016-11-16T10:53:08+08:00 ] ::1 /AngularJS/01day/4-code/thinkphp/index.php/Home/Index/upload/pic10.jpg
INFO: [ app_init ] --START--
INFO: Run Behavior\BuildLiteBehavior [ RunTime:0.000062s ]
INFO: [ app_init ] --END-- [ RunTime:0.000653s ]

[ 2016-11-16T10:53:08+08:00 ] ::1 /AngularJS/01day/4-code/thinkphp/index.php/Home/Index/upload/pic6.jpg
INFO: [ app_init ] --START--
INFO: Run Behavior\BuildLiteBehavior [ RunTime:0.000037s ]
INFO: [ app_init ] --END-- [ RunTime:0.000559s ]

[ 2016-11-16T10:53:08+08:00 ] ::1 /AngularJS/01day/4-code/thinkphp/index.php/Home/Index/upload/img3.jpg
INFO: [ app_init ] --START--
INFO: Run Behavior\BuildLiteBehavior [ RunTime:0.000038s ]
INFO: [ app_init ] --END-- [ RunTime:0.000536s ]

[ 2016-11-16T10:53:08+08:00 ] ::1 /AngularJS/01day/4-code/thinkphp/index.php/Home/Index/upload/img5.jpg
INFO: [ app_init ] --START--
INFO: Run Behavior\BuildLiteBehavior [ RunTime:0.000038s ]
INFO: [ app_init ] --END-- [ RunTime:0.000548s ]

[ 2016-11-16T10:53:08+08:00 ] ::1 /AngularJS/01day/4-code/thinkphp/index.php/Home/Index/upload/img4.jpg
INFO: [ app_init ] --START--
INFO: Run Behavior\BuildLiteBehavior [ RunTime:0.000041s ]
INFO: [ app_init ] --END-- [ RunTime:0.000572s ]

[ 2016-11-16T10:53:08+08:00 ] ::1 /AngularJS/01day/4-code/thinkphp/index.php/Home/Index/upload/img9.jpg
INFO: [ app_init ] --START--
INFO: Run Behavior\BuildLiteBehavior [ RunTime:0.000036s ]
INFO: [ app_init ] --END-- [ RunTime:0.000517s ]

[ 2016-11-16T10:53:08+08:00 ] ::1 /AngularJS/01day/4-code/thinkphp/index.php/Home/Index/upload/img10.jpg
INFO: [ app_init ] --START--
INFO: Run Behavior\BuildLiteBehavior [ RunTime:0.000040s ]
INFO: [ app_init ] --END-- [ RunTime:0.000576s ]

[ 2016-11-16T10:53:08+08:00 ] ::1 /AngularJS/01day/4-code/thinkphp/index.php/Home/Index/upload/img11.jpg
INFO: [ app_init ] --START--
INFO: Run Behavior\BuildLiteBehavior [ RunTime:0.000037s ]
INFO: [ app_init ] --END-- [ RunTime:0.000552s ]

[ 2016-11-16T10:53:08+08:00 ] ::1 /AngularJS/01day/4-code/thinkphp/index.php/Home/Index/upload/img8.jpg
INFO: [ app_init ] --START--
INFO: Run Behavior\BuildLiteBehavior [ RunTime:0.000036s ]
INFO: [ app_init ] --END-- [ RunTime:0.000497s ]

[ 2016-11-16T10:53:08+08:00 ] ::1 /AngularJS/01day/4-code/thinkphp/index.php/Home/Index/upload/img7.jpg
INFO: [ app_init ] --START--
INFO: Run Behavior\BuildLiteBehavior [ RunTime:0.000036s ]
INFO: [ app_init ] --END-- [ RunTime:0.000545s ]

[ 2016-11-16T10:53:08+08:00 ] ::1 /AngularJS/01day/4-code/thinkphp/index.php/Home/Index/upload/img6.jpg
INFO: [ app_init ] --START--
INFO: Run Behavior\BuildLiteBehavior [ RunTime:0.000035s ]
INFO: [ app_init ] --END-- [ RunTime:0.000489s ]

[ 2016-11-16T10:53:08+08:00 ] ::1 /AngularJS/01day/4-code/thinkphp/index.php/Home/Index/upload/img13.jpg
INFO: [ app_init ] --START--
INFO: Run Behavior\BuildLiteBehavior [ RunTime:0.000042s ]
INFO: [ app_init ] --END-- [ RunTime:0.000603s ]

[ 2016-11-16T10:53:08+08:00 ] ::1 /AngularJS/01day/4-code/thinkphp/index.php/Home/Index/upload/img12.jpg
INFO: [ app_init ] --START--
INFO: Run Behavior\BuildLiteBehavior [ RunTime:0.000039s ]
INFO: [ app_init ] --END-- [ RunTime:0.009462s ]

[ 2016-11-16T10:53:08+08:00 ] ::1 /AngularJS/01day/4-code/thinkphp/index.php/Home/Index/upload/img14.jpg
INFO: [ app_init ] --START--
INFO: Run Behavior\BuildLiteBehavior [ RunTime:0.000037s ]
INFO: [ app_init ] --END-- [ RunTime:0.000530s ]

[ 2016-11-16T10:53:08+08:00 ] ::1 /AngularJS/01day/4-code/thinkphp/index.php/Home/Index/upload/img15.jpg
INFO: [ app_init ] --START--
INFO: Run Behavior\BuildLiteBehavior [ RunTime:0.000035s ]
INFO: [ app_init ] --END-- [ RunTime:0.000505s ]

[ 2016-11-16T10:53:08+08:00 ] ::1 /AngularJS/01day/4-code/thinkphp/index.php/Home/Index/upload/img17.jpg
INFO: [ app_init ] --START--
INFO: Run Behavior\BuildLiteBehavior [ RunTime:0.000037s ]
INFO: [ app_init ] --END-- [ RunTime:0.000524s ]

[ 2016-11-16T10:53:08+08:00 ] ::1 /AngularJS/01day/4-code/thinkphp/index.php/Home/Index/upload/img16.jpg
INFO: [ app_init ] --START--
INFO: Run Behavior\BuildLiteBehavior [ RunTime:0.000035s ]
INFO: [ app_init ] --END-- [ RunTime:0.000539s ]

[ 2016-11-16T10:53:08+08:00 ] ::1 /AngularJS/01day/4-code/thinkphp/index.php/Home/Index/upload/img18.jpg
INFO: [ app_init ] --START--
INFO: Run Behavior\BuildLiteBehavior [ RunTime:0.000040s ]
INFO: [ app_init ] --END-- [ RunTime:0.000527s ]

[ 2016-11-16T10:53:08+08:00 ] ::1 /AngularJS/01day/4-code/thinkphp/index.php/Home/Index/upload/photos/use1.jpg
INFO: [ app_init ] --START--
INFO: Run Behavior\BuildLiteBehavior [ RunTime:0.000056s ]
INFO: [ app_init ] --END-- [ RunTime:0.000581s ]

[ 2016-11-16T10:53:08+08:00 ] ::1 /AngularJS/01day/4-code/thinkphp/index.php/Home/Index/upload/weibo1.jpg
INFO: [ app_init ] --START--
INFO: Run Behavior\BuildLiteBehavior [ RunTime:0.000040s ]
INFO: [ app_init ] --END-- [ RunTime:0.000614s ]

[ 2016-11-16T10:53:08+08:00 ] ::1 /AngularJS/01day/4-code/thinkphp/index.php/Home/Index/upload/photos/use3.jpg
INFO: [ app_init ] --START--
INFO: Run Behavior\BuildLiteBehavior [ RunTime:0.000043s ]
INFO: [ app_init ] --END-- [ RunTime:0.000556s ]

[ 2016-11-16T10:53:08+08:00 ] ::1 /AngularJS/01day/4-code/thinkphp/index.php/Home/Index/upload/photos/use2.jpg
INFO: [ app_init ] --START--
INFO: Run Behavior\BuildLiteBehavior [ RunTime:0.000041s ]
INFO: [ app_init ] --END-- [ RunTime:0.000540s ]

[ 2016-11-16T10:53:08+08:00 ] ::1 /AngularJS/01day/4-code/thinkphp/index.php/Home/Index/upload/weibo2.jpg
INFO: [ app_init ] --START--
INFO: Run Behavior\BuildLiteBehavior [ RunTime:0.000039s ]
INFO: [ app_init ] --END-- [ RunTime:0.000606s ]

[ 2016-11-16T10:53:08+08:00 ] ::1 /AngularJS/01day/4-code/thinkphp/index.php/Home/Index/upload/weibo4.jpg
INFO: [ app_init ] --START--
INFO: Run Behavior\BuildLiteBehavior [ RunTime:0.000041s ]
INFO: [ app_init ] --END-- [ RunTime:0.000594s ]

[ 2016-11-16T10:53:08+08:00 ] ::1 /AngularJS/01day/4-code/thinkphp/index.php/Home/Index/upload/photos/use4.jpg
INFO: [ app_init ] --START--
INFO: Run Behavior\BuildLiteBehavior [ RunTime:0.000034s ]
INFO: [ app_init ] --END-- [ RunTime:0.000524s ]

[ 2016-11-16T10:53:08+08:00 ] ::1 /AngularJS/01day/4-code/thinkphp/index.php/Home/Index/upload/weibo3.jpg
INFO: [ app_init ] --START--
INFO: Run Behavior\BuildLiteBehavior [ RunTime:0.000036s ]
INFO: [ app_init ] --END-- [ RunTime:0.000523s ]

[ 2016-11-16T10:53:08+08:00 ] ::1 /AngularJS/01day/4-code/thinkphp/index.php/Home/Index/upload/arc1.jpg
INFO: [ app_init ] --START--
INFO: Run Behavior\BuildLiteBehavior [ RunTime:0.000060s ]
INFO: [ app_init ] --END-- [ RunTime:0.000577s ]

[ 2016-11-16T10:53:08+08:00 ] ::1 /AngularJS/01day/4-code/thinkphp/index.php/Home/Index/upload/photos/use5.jpg
INFO: [ app_init ] --START--
INFO: Run Behavior\BuildLiteBehavior [ RunTime:0.000035s ]
INFO: [ app_init ] --END-- [ RunTime:0.000634s ]

[ 2016-11-16T10:53:08+08:00 ] ::1 /AngularJS/01day/4-code/thinkphp/index.php/Home/Index/images/weixin.png
INFO: [ app_init ] --START--
INFO: Run Behavior\BuildLiteBehavior [ RunTime:0.000038s ]
INFO: [ app_init ] --END-- [ RunTime:0.000519s ]

[ 2016-11-16T10:53:08+08:00 ] ::1 /AngularJS/01day/4-code/thinkphp/index.php/Home/Index/upload/act1.gif
INFO: [ app_init ] --START--
INFO: Run Behavior\BuildLiteBehavior [ RunTime:0.000028s ]
INFO: [ app_init ] --END-- [ RunTime:0.000436s ]

[ 2016-11-16T10:54:00+08:00 ] ::1 /AngularJS/01day/4-code/thinkphp/index.php/Home/Index/index
INFO: [ app_init ] --START--
INFO: Run Behavior\BuildLiteBehavior [ RunTime:0.000024s ]
INFO: [ app_init ] --END-- [ RunTime:0.000486s ]
INFO: [ app_begin ] --START--
INFO: Run Behavior\ReadHtmlCacheBehavior [ RunTime:0.001207s ]
INFO: [ app_begin ] --END-- [ RunTime:0.001317s ]
INFO: [ view_parse ] --START--
INFO: [ template_filter ] --START--
INFO: Run Behavior\ContentReplaceBehavior [ RunTime:0.000139s ]
INFO: [ template_filter ] --END-- [ RunTime:0.000259s ]
INFO: Run Behavior\ParseTemplateBehavior [ RunTime:0.013394s ]
INFO: [ view_parse ] --END-- [ RunTime:0.013551s ]
INFO: [ view_filter ] --START--
INFO: Run Behavior\WriteHtmlCacheBehavior [ RunTime:0.000256s ]
INFO: [ view_filter ] --END-- [ RunTime:0.000344s ]
INFO: [ app_end ] --START--
INFO: Run Behavior\ShowPageTraceBehavior [ RunTime:0.000455s ]
INFO: [ app_end ] --END-- [ RunTime:0.000541s ]

[ 2016-11-16T10:54:00+08:00 ] ::1 /AngularJS/01day/4-code/thinkphp/index.php/Home/Index/js/jquery.min.js
INFO: [ app_init ] --START--
INFO: Run Behavior\BuildLiteBehavior [ RunTime:0.000022s ]
INFO: [ app_init ] --END-- [ RunTime:0.000338s ]
INFO: [ app_begin ] --START--
INFO: Run Behavior\ReadHtmlCacheBehavior [ RunTime:0.000484s ]
INFO: [ app_begin ] --END-- [ RunTime:0.000587s ]
ERR: 非法操作:js

[ 2016-11-16T10:54:00+08:00 ] ::1 /AngularJS/01day/4-code/thinkphp/index.php/Home/Index/js/functions.js
INFO: [ app_init ] --START--
INFO: Run Behavior\BuildLiteBehavior [ RunTime:0.000035s ]
INFO: [ app_init ] --END-- [ RunTime:0.000905s ]
INFO: [ app_begin ] --START--
INFO: Run Behavior\ReadHtmlCacheBehavior [ RunTime:0.000598s ]
INFO: [ app_begin ] --END-- [ RunTime:0.000761s ]
ERR: 非法操作:js

[ 2016-11-16T10:54:00+08:00 ] ::1 /AngularJS/01day/4-code/thinkphp/index.php/Home/Index/upload/photos/admin.jpg
INFO: [ app_init ] --START--
INFO: Run Behavior\BuildLiteBehavior [ RunTime:0.000022s ]
INFO: [ app_init ] --END-- [ RunTime:0.000339s ]

[ 2016-11-16T10:54:00+08:00 ] ::1 /AngularJS/01day/4-code/thinkphp/index.php/Home/Index/js/index.js
INFO: [ app_init ] --START--
INFO: Run Behavior\BuildLiteBehavior [ RunTime:0.000071s ]
INFO: [ app_init ] --END-- [ RunTime:0.000987s ]
INFO: [ app_begin ] --START--
INFO: Run Behavior\ReadHtmlCacheBehavior [ RunTime:0.000620s ]
INFO: [ app_begin ] --END-- [ RunTime:0.000794s ]
ERR: 非法操作:js

[ 2016-11-16T10:54:00+08:00 ] ::1 /AngularJS/01day/4-code/thinkphp/index.php/Home/Index/upload/pic1.jpg
INFO: [ app_init ] --START--
INFO: Run Behavior\BuildLiteBehavior [ RunTime:0.000022s ]
INFO: [ app_init ] --END-- [ RunTime:0.000342s ]

[ 2016-11-16T10:54:00+08:00 ] ::1 /AngularJS/01day/4-code/thinkphp/index.php/Home/Index/upload/pic3.jpg
INFO: [ app_init ] --START--
INFO: Run Behavior\BuildLiteBehavior [ RunTime:0.000040s ]
INFO: [ app_init ] --END-- [ RunTime:0.000903s ]

[ 2016-11-16T10:54:00+08:00 ] ::1 /AngularJS/01day/4-code/thinkphp/index.php/Home/Index/upload/pic5.jpg
INFO: [ app_init ] --START--
INFO: Run Behavior\BuildLiteBehavior [ RunTime:0.000023s ]
INFO: [ app_init ] --END-- [ RunTime:0.000347s ]

[ 2016-11-16T10:54:00+08:00 ] ::1 /AngularJS/01day/4-code/thinkphp/index.php/Home/Index/upload/pic4.jpg
INFO: [ app_init ] --START--
INFO: Run Behavior\BuildLiteBehavior [ RunTime:0.000066s ]
INFO: [ app_init ] --END-- [ RunTime:0.000839s ]

[ 2016-11-16T10:54:00+08:00 ] ::1 /AngularJS/01day/4-code/thinkphp/index.php/Home/Index/upload/pic6.jpg
INFO: [ app_init ] --START--
INFO: Run Behavior\BuildLiteBehavior [ RunTime:0.000030s ]
INFO: [ app_init ] --END-- [ RunTime:0.000452s ]

[ 2016-11-16T10:54:00+08:00 ] ::1 /AngularJS/01day/4-code/thinkphp/index.php/Home/Index/upload/pic7.jpg
INFO: [ app_init ] --START--
INFO: Run Behavior\BuildLiteBehavior [ RunTime:0.000036s ]
INFO: [ app_init ] --END-- [ RunTime:0.000878s ]

[ 2016-11-16T10:54:00+08:00 ] ::1 /AngularJS/01day/4-code/thinkphp/index.php/Home/Index/upload/pic2.jpg
INFO: [ app_init ] --START--
INFO: Run Behavior\BuildLiteBehavior [ RunTime:0.000032s ]
INFO: [ app_init ] --END-- [ RunTime:0.000485s ]

[ 2016-11-16T10:54:00+08:00 ] ::1 /AngularJS/01day/4-code/thinkphp/index.php/Home/Index/upload/pic8.jpg
INFO: [ app_init ] --START--
INFO: Run Behavior\BuildLiteBehavior [ RunTime:0.000035s ]
INFO: [ app_init ] --END-- [ RunTime:0.000522s ]

[ 2016-11-16T10:54:00+08:00 ] ::1 /AngularJS/01day/4-code/thinkphp/index.php/Home/Index/js/common.js
INFO: [ app_init ] --START--
INFO: Run Behavior\BuildLiteBehavior [ RunTime:0.000041s ]
INFO: [ app_init ] --END-- [ RunTime:0.000572s ]
INFO: [ app_begin ] --START--
INFO: Run Behavior\ReadHtmlCacheBehavior [ RunTime:0.000709s ]
INFO: [ app_begin ] --END-- [ RunTime:0.000920s ]
ERR: 非法操作:js

[ 2016-11-16T10:54:00+08:00 ] ::1 /AngularJS/01day/4-code/thinkphp/index.php/Home/Index/upload/pic10.jpg
INFO: [ app_init ] --START--
INFO: Run Behavior\BuildLiteBehavior [ RunTime:0.000037s ]
INFO: [ app_init ] --END-- [ RunTime:0.000506s ]

[ 2016-11-16T10:54:00+08:00 ] ::1 /AngularJS/01day/4-code/thinkphp/index.php/Home/Index/upload/pic9.jpg
INFO: [ app_init ] --START--
INFO: Run Behavior\BuildLiteBehavior [ RunTime:0.000045s ]
INFO: [ app_init ] --END-- [ RunTime:0.000602s ]

[ 2016-11-16T10:54:00+08:00 ] ::1 /AngularJS/01day/4-code/thinkphp/index.php/Home/Index/upload/img1.jpg
INFO: [ app_init ] --START--
INFO: Run Behavior\BuildLiteBehavior [ RunTime:0.000036s ]
INFO: [ app_init ] --END-- [ RunTime:0.000577s ]

[ 2016-11-16T10:54:00+08:00 ] ::1 /AngularJS/01day/4-code/thinkphp/index.php/Home/Index/upload/img2.jpg
INFO: [ app_init ] --START--
INFO: Run Behavior\BuildLiteBehavior [ RunTime:0.000038s ]
INFO: [ app_init ] --END-- [ RunTime:0.000525s ]

[ 2016-11-16T10:54:00+08:00 ] ::1 /AngularJS/01day/4-code/thinkphp/index.php/Home/Index/upload/img4.jpg
INFO: [ app_init ] --START--
INFO: Run Behavior\BuildLiteBehavior [ RunTime:0.000040s ]
INFO: [ app_init ] --END-- [ RunTime:0.000743s ]

[ 2016-11-16T10:54:00+08:00 ] ::1 /AngularJS/01day/4-code/thinkphp/index.php/Home/Index/upload/img3.jpg
INFO: [ app_init ] --START--
INFO: Run Behavior\BuildLiteBehavior [ RunTime:0.000037s ]
INFO: [ app_init ] --END-- [ RunTime:0.000547s ]

[ 2016-11-16T10:54:00+08:00 ] ::1 /AngularJS/01day/4-code/thinkphp/index.php/Home/Index/upload/img5.jpg
INFO: [ app_init ] --START--
INFO: Run Behavior\BuildLiteBehavior [ RunTime:0.000042s ]
INFO: [ app_init ] --END-- [ RunTime:0.000576s ]

[ 2016-11-16T10:54:00+08:00 ] ::1 /AngularJS/01day/4-code/thinkphp/index.php/Home/Index/upload/img7.jpg
INFO: [ app_init ] --START--
INFO: Run Behavior\BuildLiteBehavior [ RunTime:0.000036s ]
INFO: [ app_init ] --END-- [ RunTime:0.000529s ]

[ 2016-11-16T10:54:00+08:00 ] ::1 /AngularJS/01day/4-code/thinkphp/index.php/Home/Index/upload/img9.jpg
INFO: [ app_init ] --START--
INFO: Run Behavior\BuildLiteBehavior [ RunTime:0.000039s ]
INFO: [ app_init ] --END-- [ RunTime:0.000506s ]

[ 2016-11-16T10:54:00+08:00 ] ::1 /AngularJS/01day/4-code/thinkphp/index.php/Home/Index/upload/img8.jpg
INFO: [ app_init ] --START--
INFO: Run Behavior\BuildLiteBehavior [ RunTime:0.000041s ]
INFO: [ app_init ] --END-- [ RunTime:0.002963s ]

[ 2016-11-16T10:54:00+08:00 ] ::1 /AngularJS/01day/4-code/thinkphp/index.php/Home/Index/upload/img6.jpg
INFO: [ app_init ] --START--
INFO: Run Behavior\BuildLiteBehavior [ RunTime:0.000042s ]
INFO: [ app_init ] --END-- [ RunTime:0.004129s ]

[ 2016-11-16T10:54:00+08:00 ] ::1 /AngularJS/01day/4-code/thinkphp/index.php/Home/Index/upload/img12.jpg
INFO: [ app_init ] --START--
INFO: Run Behavior\BuildLiteBehavior [ RunTime:0.000038s ]
INFO: [ app_init ] --END-- [ RunTime:0.000537s ]

[ 2016-11-16T10:54:00+08:00 ] ::1 /AngularJS/01day/4-code/thinkphp/index.php/Home/Index/upload/img11.jpg
INFO: [ app_init ] --START--
INFO: Run Behavior\BuildLiteBehavior [ RunTime:0.000038s ]
INFO: [ app_init ] --END-- [ RunTime:0.000522s ]

[ 2016-11-16T10:54:00+08:00 ] ::1 /AngularJS/01day/4-code/thinkphp/index.php/Home/Index/upload/img13.jpg
INFO: [ app_init ] --START--
INFO: Run Behavior\BuildLiteBehavior [ RunTime:0.000039s ]
INFO: [ app_init ] --END-- [ RunTime:0.000512s ]

[ 2016-11-16T10:54:00+08:00 ] ::1 /AngularJS/01day/4-code/thinkphp/index.php/Home/Index/upload/img15.jpg
INFO: [ app_init ] --START--
INFO: Run Behavior\BuildLiteBehavior [ RunTime:0.000039s ]
INFO: [ app_init ] --END-- [ RunTime:0.000811s ]

[ 2016-11-16T10:54:00+08:00 ] ::1 /AngularJS/01day/4-code/thinkphp/index.php/Home/Index/upload/img14.jpg
INFO: [ app_init ] --START--
INFO: Run Behavior\BuildLiteBehavior [ RunTime:0.000037s ]
INFO: [ app_init ] --END-- [ RunTime:0.000670s ]

[ 2016-11-16T10:54:00+08:00 ] ::1 /AngularJS/01day/4-code/thinkphp/index.php/Home/Index/upload/img16.jpg
INFO: [ app_init ] --START--
INFO: Run Behavior\BuildLiteBehavior [ RunTime:0.000039s ]
INFO: [ app_init ] --END-- [ RunTime:0.000522s ]

[ 2016-11-16T10:54:00+08:00 ] ::1 /AngularJS/01day/4-code/thinkphp/index.php/Home/Index/upload/img18.jpg
INFO: [ app_init ] --START--
INFO: Run Behavior\BuildLiteBehavior [ RunTime:0.000038s ]
INFO: [ app_init ] --END-- [ RunTime:0.000503s ]

[ 2016-11-16T10:54:00+08:00 ] ::1 /AngularJS/01day/4-code/thinkphp/index.php/Home/Index/upload/img17.jpg
INFO: [ app_init ] --START--
INFO: Run Behavior\BuildLiteBehavior [ RunTime:0.000035s ]
INFO: [ app_init ] --END-- [ RunTime:0.000508s ]

[ 2016-11-16T10:54:00+08:00 ] ::1 /AngularJS/01day/4-code/thinkphp/index.php/Home/Index/upload/img10.jpg
INFO: [ app_init ] --START--
INFO: Run Behavior\BuildLiteBehavior [ RunTime:0.000032s ]
INFO: [ app_init ] --END-- [ RunTime:0.000577s ]

[ 2016-11-16T10:54:00+08:00 ] ::1 /AngularJS/01day/4-code/thinkphp/index.php/Home/Index/upload/weibo2.jpg
INFO: [ app_init ] --START--
INFO: Run Behavior\BuildLiteBehavior [ RunTime:0.000039s ]
INFO: [ app_init ] --END-- [ RunTime:0.000600s ]

[ 2016-11-16T10:54:00+08:00 ] ::1 /AngularJS/01day/4-code/thinkphp/index.php/Home/Index/upload/photos/use2.jpg
INFO: [ app_init ] --START--
INFO: Run Behavior\BuildLiteBehavior [ RunTime:0.000037s ]
INFO: [ app_init ] --END-- [ RunTime:0.000540s ]

[ 2016-11-16T10:54:00+08:00 ] ::1 /AngularJS/01day/4-code/thinkphp/index.php/Home/Index/upload/photos/use3.jpg
INFO: [ app_init ] --START--
INFO: Run Behavior\BuildLiteBehavior [ RunTime:0.000036s ]
INFO: [ app_init ] --END-- [ RunTime:0.000519s ]

[ 2016-11-16T10:54:00+08:00 ] ::1 /AngularJS/01day/4-code/thinkphp/index.php/Home/Index/upload/photos/use4.jpg
INFO: [ app_init ] --START--
INFO: Run Behavior\BuildLiteBehavior [ RunTime:0.000040s ]
INFO: [ app_init ] --END-- [ RunTime:0.000535s ]

[ 2016-11-16T10:54:00+08:00 ] ::1 /AngularJS/01day/4-code/thinkphp/index.php/Home/Index/upload/weibo1.jpg
INFO: [ app_init ] --START--
INFO: Run Behavior\BuildLiteBehavior [ RunTime:0.000036s ]
INFO: [ app_init ] --END-- [ RunTime:0.000500s ]

[ 2016-11-16T10:54:00+08:00 ] ::1 /AngularJS/01day/4-code/thinkphp/index.php/Home/Index/upload/photos/use1.jpg
INFO: [ app_init ] --START--
INFO: Run Behavior\BuildLiteBehavior [ RunTime:0.000036s ]
INFO: [ app_init ] --END-- [ RunTime:0.000524s ]

[ 2016-11-16T10:54:00+08:00 ] ::1 /AngularJS/01day/4-code/thinkphp/index.php/Home/Index/upload/weibo4.jpg
INFO: [ app_init ] --START--
INFO: Run Behavior\BuildLiteBehavior [ RunTime:0.000034s ]
INFO: [ app_init ] --END-- [ RunTime:0.000498s ]

[ 2016-11-16T10:54:00+08:00 ] ::1 /AngularJS/01day/4-code/thinkphp/index.php/Home/Index/upload/act1.gif
INFO: [ app_init ] --START--
INFO: Run Behavior\BuildLiteBehavior [ RunTime:0.000079s ]
INFO: [ app_init ] --END-- [ RunTime:0.000848s ]

[ 2016-11-16T10:54:00+08:00 ] ::1 /AngularJS/01day/4-code/thinkphp/index.php/Home/Index/upload/arc1.jpg
INFO: [ app_init ] --START--
INFO: Run Behavior\BuildLiteBehavior [ RunTime:0.000041s ]
INFO: [ app_init ] --END-- [ RunTime:0.000595s ]

[ 2016-11-16T10:54:00+08:00 ] ::1 /AngularJS/01day/4-code/thinkphp/index.php/Home/Index/images/weixin.png
INFO: [ app_init ] --START--
INFO: Run Behavior\BuildLiteBehavior [ RunTime:0.000039s ]
INFO: [ app_init ] --END-- [ RunTime:0.000565s ]

[ 2016-11-16T10:54:00+08:00 ] ::1 /AngularJS/01day/4-code/thinkphp/index.php/Home/Index/upload/weibo3.jpg
INFO: [ app_init ] --START--
INFO: Run Behavior\BuildLiteBehavior [ RunTime:0.000036s ]
INFO: [ app_init ] --END-- [ RunTime:0.000570s ]

[ 2016-11-16T10:54:00+08:00 ] ::1 /AngularJS/01day/4-code/thinkphp/index.php/Home/Index/upload/photos/use5.jpg
INFO: [ app_init ] --START--
INFO: Run Behavior\BuildLiteBehavior [ RunTime:0.000042s ]
INFO: [ app_init ] --END-- [ RunTime:0.001098s ]

[ 2016-11-16T10:54:24+08:00 ] ::1 /AngularJS/01day/4-code/thinkphp/index.php/Home/Index/index
INFO: [ app_init ] --START--
INFO: Run Behavior\BuildLiteBehavior [ RunTime:0.000021s ]
INFO: [ app_init ] --END-- [ RunTime:0.000609s ]
INFO: [ app_begin ] --START--
INFO: Run Behavior\ReadHtmlCacheBehavior [ RunTime:0.000572s ]
INFO: [ app_begin ] --END-- [ RunTime:0.000673s ]
INFO: [ view_parse ] --START--
INFO: [ template_filter ] --START--
INFO: Run Behavior\ContentReplaceBehavior [ RunTime:0.000168s ]
INFO: [ template_filter ] --END-- [ RunTime:0.000281s ]
INFO: Run Behavior\ParseTemplateBehavior [ RunTime:0.012401s ]
INFO: [ view_parse ] --END-- [ RunTime:0.012528s ]
INFO: [ view_filter ] --START--
INFO: Run Behavior\WriteHtmlCacheBehavior [ RunTime:0.000278s ]
INFO: [ view_filter ] --END-- [ RunTime:0.000370s ]
INFO: [ app_end ] --START--
INFO: Run Behavior\ShowPageTraceBehavior [ RunTime:0.000473s ]
INFO: [ app_end ] --END-- [ RunTime:0.000566s ]

[ 2016-11-16T10:54:24+08:00 ] ::1 /AngularJS/01day/4-code/thinkphp/index.php/Home/Index/js/jquery.min.js
INFO: [ app_init ] --START--
INFO: Run Behavior\BuildLiteBehavior [ RunTime:0.000037s ]
INFO: [ app_init ] --END-- [ RunTime:0.000522s ]
INFO: [ app_begin ] --START--
INFO: Run Behavior\ReadHtmlCacheBehavior [ RunTime:0.000661s ]
INFO: [ app_begin ] --END-- [ RunTime:0.000855s ]
ERR: 非法操作:js

[ 2016-11-16T10:54:24+08:00 ] ::1 /AngularJS/01day/4-code/thinkphp/index.php/Home/Index/js/functions.js
INFO: [ app_init ] --START--
INFO: Run Behavior\BuildLiteBehavior [ RunTime:0.000041s ]
INFO: [ app_init ] --END-- [ RunTime:0.000542s ]
INFO: [ app_begin ] --START--
INFO: Run Behavior\ReadHtmlCacheBehavior [ RunTime:0.000738s ]
INFO: [ app_begin ] --END-- [ RunTime:0.000956s ]
ERR: 非法操作:js

[ 2016-11-16T10:54:24+08:00 ] ::1 /AngularJS/01day/4-code/thinkphp/index.php/Home/Index/js/index.js
INFO: [ app_init ] --START--
INFO: Run Behavior\BuildLiteBehavior [ RunTime:0.000038s ]
INFO: [ app_init ] --END-- [ RunTime:0.000524s ]
INFO: [ app_begin ] --START--
INFO: Run Behavior\ReadHtmlCacheBehavior [ RunTime:0.000594s ]
INFO: [ app_begin ] --END-- [ RunTime:0.000774s ]
ERR: 非法操作:js

[ 2016-11-16T10:54:24+08:00 ] ::1 /AngularJS/01day/4-code/thinkphp/index.php/Home/Index/js/common.js
INFO: [ app_init ] --START--
INFO: Run Behavior\BuildLiteBehavior [ RunTime:0.000045s ]
INFO: [ app_init ] --END-- [ RunTime:0.000608s ]
INFO: [ app_begin ] --START--
INFO: Run Behavior\ReadHtmlCacheBehavior [ RunTime:0.000977s ]
INFO: [ app_begin ] --END-- [ RunTime:0.001200s ]
ERR: 非法操作:js

[ 2016-11-16T10:54:24+08:00 ] ::1 /AngularJS/01day/4-code/thinkphp/index.php/Home/Index/images/weixin.png
INFO: [ app_init ] --START--
INFO: Run Behavior\BuildLiteBehavior [ RunTime:0.000040s ]
INFO: [ app_init ] --END-- [ RunTime:0.000613s ]

[ 2016-11-16T10:55:03+08:00 ] ::1 /AngularJS/01day/4-code/thinkphp/index.php/Home/Index/index
INFO: [ app_init ] --START--
INFO: Run Behavior\BuildLiteBehavior [ RunTime:0.000024s ]
INFO: [ app_init ] --END-- [ RunTime:0.000377s ]
INFO: [ app_begin ] --START--
INFO: Run Behavior\ReadHtmlCacheBehavior [ RunTime:0.000409s ]
INFO: [ app_begin ] --END-- [ RunTime:0.000505s ]
INFO: [ view_parse ] --START--
INFO: [ template_filter ] --START--
INFO: Run Behavior\ContentReplaceBehavior [ RunTime:0.000181s ]
INFO: [ template_filter ] --END-- [ RunTime:0.000307s ]
INFO: Run Behavior\ParseTemplateBehavior [ RunTime:0.011667s ]
INFO: [ view_parse ] --END-- [ RunTime:0.011781s ]
INFO: [ view_filter ] --START--
INFO: Run Behavior\WriteHtmlCacheBehavior [ RunTime:0.000226s ]
INFO: [ view_filter ] --END-- [ RunTime:0.000321s ]
INFO: [ app_end ] --START--
INFO: Run Behavior\ShowPageTraceBehavior [ RunTime:0.000510s ]
INFO: [ app_end ] --END-- [ RunTime:0.000603s ]

[ 2016-11-16T10:55:03+08:00 ] ::1 /AngularJS/01day/4-code/thinkphp/index.php/Home/Index/images/weixin.png
INFO: [ app_init ] --START--
INFO: Run Behavior\BuildLiteBehavior [ RunTime:0.000028s ]
INFO: [ app_init ] --END-- [ RunTime:0.000482s ]

[ 2016-11-16T10:59:40+08:00 ] ::1 /AngularJS/01day/4-code/thinkphp/index.php/Home/Index/index
INFO: [ app_init ] --START--
INFO: Run Behavior\BuildLiteBehavior [ RunTime:0.000023s ]
INFO: [ app_init ] --END-- [ RunTime:0.000377s ]
INFO: [ app_begin ] --START--
INFO: Run Behavior\ReadHtmlCacheBehavior [ RunTime:0.000477s ]
INFO: [ app_begin ] --END-- [ RunTime:0.000656s ]
INFO: [ view_parse ] --START--
INFO: [ template_filter ] --START--
INFO: Run Behavior\ContentReplaceBehavior [ RunTime:0.000160s ]
INFO: [ template_filter ] --END-- [ RunTime:0.000277s ]
INFO: Run Behavior\ParseTemplateBehavior [ RunTime:0.012815s ]
INFO: [ view_parse ] --END-- [ RunTime:0.012915s ]
INFO: [ view_filter ] --START--
INFO: Run Behavior\WriteHtmlCacheBehavior [ RunTime:0.000251s ]
INFO: [ view_filter ] --END-- [ RunTime:0.000341s ]
INFO: [ app_end ] --START--
INFO: Run Behavior\ShowPageTraceBehavior [ RunTime:0.000454s ]
INFO: [ app_end ] --END-- [ RunTime:0.000549s ]

[ 2016-11-16T10:59:40+08:00 ] ::1 /AngularJS/01day/4-code/thinkphp/index.php/Home/Index/images/weixin.png
INFO: [ app_init ] --START--
INFO: Run Behavior\BuildLiteBehavior [ RunTime:0.000026s ]
INFO: [ app_init ] --END-- [ RunTime:0.000368s ]

[ 2016-11-16T11:02:40+08:00 ] ::1 /AngularJS/01day/4-code/thinkphp/index.php/Home/Login/index
INFO: [ app_init ] --START--
INFO: Run Behavior\BuildLiteBehavior [ RunTime:0.000032s ]
INFO: [ app_init ] --END-- [ RunTime:0.000580s ]
INFO: [ app_begin ] --START--
INFO: Run Behavior\ReadHtmlCacheBehavior [ RunTime:0.000674s ]
INFO: [ app_begin ] --END-- [ RunTime:0.000819s ]
INFO: [ view_parse ] --START--
INFO: Run Behavior\ParseTemplateBehavior [ RunTime:0.000459s ]
INFO: [ view_parse ] --END-- [ RunTime:0.000634s ]
INFO: [ view_filter ] --START--
INFO: Run Behavior\WriteHtmlCacheBehavior [ RunTime:0.000328s ]
INFO: [ view_filter ] --END-- [ RunTime:0.000434s ]
INFO: [ app_end ] --START--
INFO: Run Behavior\ShowPageTraceBehavior [ RunTime:0.000495s ]
INFO: [ app_end ] --END-- [ RunTime:0.000588s ]

[ 2016-11-16T11:03:40+08:00 ] ::1 /AngularJS/01day/4-code/thinkphp/index.php/Home/Login/index
INFO: [ app_init ] --START--
INFO: Run Behavior\BuildLiteBehavior [ RunTime:0.000022s ]
INFO: [ app_init ] --END-- [ RunTime:0.000340s ]
INFO: [ app_begin ] --START--
INFO: Run Behavior\ReadHtmlCacheBehavior [ RunTime:0.000444s ]
INFO: [ app_begin ] --END-- [ RunTime:0.000536s ]
INFO: [ view_parse ] --START--
INFO: [ template_filter ] --START--
INFO: Run Behavior\ContentReplaceBehavior [ RunTime:0.000096s ]
INFO: [ template_filter ] --END-- [ RunTime:0.000204s ]
INFO: Run Behavior\ParseTemplateBehavior [ RunTime:0.005958s ]
INFO: [ view_parse ] --END-- [ RunTime:0.006048s ]
INFO: [ view_filter ] --START--
INFO: Run Behavior\WriteHtmlCacheBehavior [ RunTime:0.000239s ]
INFO: [ view_filter ] --END-- [ RunTime:0.000359s ]
INFO: [ app_end ] --START--
INFO: Run Behavior\ShowPageTraceBehavior [ RunTime:0.000463s ]
INFO: [ app_end ] --END-- [ RunTime:0.000553s ]

[ 2016-11-16T11:03:40+08:00 ] ::1 /AngularJS/01day/4-code/thinkphp/index.php/Home/Login/upload/log1.jpg
INFO: [ app_init ] --START--
INFO: Run Behavior\BuildLiteBehavior [ RunTime:0.000021s ]
INFO: [ app_init ] --END-- [ RunTime:0.000366s ]

[ 2016-11-16T11:03:40+08:00 ] ::1 /AngularJS/01day/4-code/thinkphp/index.php/Home/Login/upload/log3.jpg
INFO: [ app_init ] --START--
INFO: Run Behavior\BuildLiteBehavior [ RunTime:0.000025s ]
INFO: [ app_init ] --END-- [ RunTime:0.000381s ]

[ 2016-11-16T11:03:40+08:00 ] ::1 /AngularJS/01day/4-code/thinkphp/index.php/Home/Login/upload/log2.jpg
INFO: [ app_init ] --START--
INFO: Run Behavior\BuildLiteBehavior [ RunTime:0.000044s ]
INFO: [ app_init ] --END-- [ RunTime:0.000635s ]

[ 2016-11-16T11:03:40+08:00 ] ::1 /AngularJS/01day/4-code/thinkphp/index.php/Home/Login/css/init.css
INFO: [ app_init ] --START--
INFO: Run Behavior\BuildLiteBehavior [ RunTime:0.000266s ]
INFO: [ app_init ] --END-- [ RunTime:0.005874s ]
INFO: [ app_begin ] --START--
INFO: Run Behavior\ReadHtmlCacheBehavior [ RunTime:0.000606s ]
INFO: [ app_begin ] --END-- [ RunTime:0.000769s ]
ERR: 非法操作:css

[ 2016-11-16T11:03:40+08:00 ] ::1 /AngularJS/01day/4-code/thinkphp/index.php/Home/Login/css/login.css
INFO: [ app_init ] --START--
INFO: Run Behavior\BuildLiteBehavior [ RunTime:0.000040s ]
INFO: [ app_init ] --END-- [ RunTime:0.000622s ]
INFO: [ app_begin ] --START--
INFO: Run Behavior\ReadHtmlCacheBehavior [ RunTime:0.000695s ]
INFO: [ app_begin ] --END-- [ RunTime:0.000853s ]
ERR: 非法操作:css

[ 2016-11-16T11:03:40+08:00 ] ::1 /AngularJS/01day/4-code/thinkphp/index.php/Home/Login/upload/log4.jpg
INFO: [ app_init ] --START--
INFO: Run Behavior\BuildLiteBehavior [ RunTime:0.000025s ]
INFO: [ app_init ] --END-- [ RunTime:0.000411s ]

[ 2016-11-16T11:04:15+08:00 ] ::1 /AngularJS/01day/4-code/thinkphp/index.php/Home/Login/index
INFO: [ app_init ] --START--
INFO: Run Behavior\BuildLiteBehavior [ RunTime:0.000024s ]
INFO: [ app_init ] --END-- [ RunTime:0.000378s ]
INFO: [ app_begin ] --START--
INFO: Run Behavior\ReadHtmlCacheBehavior [ RunTime:0.000484s ]
INFO: [ app_begin ] --END-- [ RunTime:0.000580s ]
INFO: [ view_parse ] --START--
INFO: [ template_filter ] --START--
INFO: Run Behavior\ContentReplaceBehavior [ RunTime:0.000075s ]
INFO: [ template_filter ] --END-- [ RunTime:0.000240s ]
INFO: Run Behavior\ParseTemplateBehavior [ RunTime:0.005680s ]
INFO: [ view_parse ] --END-- [ RunTime:0.005785s ]
INFO: [ view_filter ] --START--
INFO: Run Behavior\WriteHtmlCacheBehavior [ RunTime:0.000289s ]
INFO: [ view_filter ] --END-- [ RunTime:0.000384s ]
INFO: [ app_end ] --START--
INFO: Run Behavior\ShowPageTraceBehavior [ RunTime:0.000470s ]
INFO: [ app_end ] --END-- [ RunTime:0.000562s ]

