0 info it worked if it ends with ok
1 verbose cli [ 'C:\\dev\\nodejs\\node.exe',
1 verbose cli   'C:\\dev\\nodejs\\node_modules\\npm\\bin\\npm-cli.js',
1 verbose cli   'start' ]
2 info using npm@3.8.9
3 info using node@v4.3.1
4 verbose run-script [ 'prestart', 'start', 'poststart' ]
5 info lifecycle itcast-first@0.0.1~prestart: itcast-first@0.0.1
6 silly lifecycle itcast-first@0.0.1~prestart: no script for prestart, continuing
7 info lifecycle itcast-first@0.0.1~start: itcast-first@0.0.1
8 verbose lifecycle itcast-first@0.0.1~start: unsafe-perm in lifecycle true
9 verbose lifecycle itcast-first@0.0.1~start: PATH: C:\dev\nvm\v4.3.1\node_modules\npm\bin\node-gyp-bin;C:\Users\cena\Desktop\code\1\node_modules\.bin;C:\dev\nodejs;C:\Program Files (x86)\Common Files\NetSarang;C:\Program Files (x86)\Intel\iCLS Client\;C:\Program Files\Intel\iCLS Client\;C:\Windows\system32;C:\Windows;C:\Windows\System32\Wbem;C:\Windows\System32\WindowsPowerShell\v1.0\;C:\Program Files (x86)\Intel\Intel(R) Management Engine Components\DAL;C:\Program Files\Intel\Intel(R) Management Engine Components\DAL;C:\Program Files (x86)\Intel\Intel(R) Management Engine Components\IPT;C:\Program Files\Intel\Intel(R) Management Engine Components\IPT;C:\Program Files (x86)\ATI Technologies\ATI.ACE\Core-Static;C:\Program Files (x86)\Common Files\lenovo\easyplussdk\bin;C:\Program Files\Intel\WiFi\bin\;C:\Program Files\Common Files\Intel\WirelessCommon\;C:\Program Files\Git\cmd;C:\Program Files (x86)\Windows Kits\8.1\Windows Performance Toolkit\;C:\Program Files (x86)\MySQL\MySQL Fabric 1.5 & MySQL Utilities 1.5\;C:\Program Files (x86)\MySQL\MySQL Fabric 1.5 & MySQL Utilities 1.5\Doctrine extensions for PHP\;C:\Program Files (x86)\Microsoft VS Code\bin;C:\dev\nvm;C:\dev\nodejs;C:\ProgramData\cena\atom\bin;C:\Users\cena\AppData\Local\atom\bin;C:\dev\npm;C:\dev;C:\Python27;C:\dev\nvm\v4.4.5;C:\Program Files (x86)\Tencent\QQ\Bin
10 verbose lifecycle itcast-first@0.0.1~start: CWD: C:\Users\cena\Desktop\code\1
11 silly lifecycle itcast-first@0.0.1~start: Args: [ '/d /s /c', 'node ./bin/www' ]
12 silly lifecycle itcast-first@0.0.1~start: Returned: code: 1  signal: null
13 info lifecycle itcast-first@0.0.1~start: Failed to exec start script
14 verbose stack Error: itcast-first@0.0.1 start: `node ./bin/www`
14 verbose stack Exit status 1
14 verbose stack     at EventEmitter.<anonymous> (C:\dev\nvm\v4.3.1\node_modules\npm\lib\utils\lifecycle.js:245:16)
14 verbose stack     at emitTwo (events.js:87:13)
14 verbose stack     at EventEmitter.emit (events.js:172:7)
14 verbose stack     at ChildProcess.<anonymous> (C:\dev\nvm\v4.3.1\node_modules\npm\lib\utils\spawn.js:24:14)
14 verbose stack     at emitTwo (events.js:87:13)
14 verbose stack     at ChildProcess.emit (events.js:172:7)
14 verbose stack     at maybeClose (internal/child_process.js:821:16)
14 verbose stack     at Process.ChildProcess._handle.onexit (internal/child_process.js:211:5)
15 verbose pkgid itcast-first@0.0.1
16 verbose cwd C:\Users\cena\Desktop\code\1
17 error Windows_NT 10.0.10586
18 error argv "C:\\dev\\nodejs\\node.exe" "C:\\dev\\nodejs\\node_modules\\npm\\bin\\npm-cli.js" "start"
19 error node v4.3.1
20 error npm  v3.8.9
21 error code ELIFECYCLE
22 error itcast-first@0.0.1 start: `node ./bin/www`
22 error Exit status 1
23 error Failed at the itcast-first@0.0.1 start script 'node ./bin/www'.
23 error Make sure you have the latest version of node.js and npm installed.
23 error If you do, this is most likely a problem with the itcast-first package,
23 error not with npm itself.
23 error Tell the author that this fails on your system:
23 error     node ./bin/www
23 error You can get information on how to open an issue for this project with:
23 error     npm bugs itcast-first
23 error Or if that isn't available, you can get their info via:
23 error     npm owner ls itcast-first
23 error There is likely additional logging output above.
24 verbose exit [ 1, true ]
